<?xml version="1.0" encoding="UTF-8"?>
<testsuite xmlns:xsi="http://www.w3.org/2001/XMLSchema-instance" xsi:noNamespaceSchemaLocation="https://maven.apache.org/surefire/maven-surefire-plugin/xsd/surefire-test-report-3.0.xsd" version="3.0" name="scheduling.TiredThreadTest" time="1.576" tests="29" errors="0" skipped="0" failures="0">
  <properties>
[...]
</properties>
  <testcase name="testCompareTo_HigherFatigueIsGreater" classname="scheduling.TiredThreadTest" time="0.105"/>
  <testcase name="testCompareTo_SortingByFatigue" classname="scheduling.TiredThreadTest" time="0.106"/>
  <testcase name="testConstructor_InitialFatigueIsZero" classname="scheduling.TiredThreadTest" time="0.0"/>
  <testcase name="testConstructor_InitialTimeUsedIsZero" classname="scheduling.TiredThreadTest" time="0.0"/>
  <testcase name="testConstructor_DifferentFatigueFactors" classname="scheduling.TiredThreadTest" time="0.001"/>
  <testcase name="testTaskExecution_RunnableIsExecuted" classname="scheduling.TiredThreadTest" time="0.055"/>
  <testcase name="testTimeTracking_FatigueWithDifferentFactors" classname="scheduling.TiredThreadTest" time="0.102"/>
  <testcase name="testConstructor_InitialStateNotBusy" classname="scheduling.TiredThreadTest" time="0.0"/>
  <testcase name="testShutdown_BeforeStart_DoesNotCrash" classname="scheduling.TiredThreadTest" time="0.0"/>
  <testcase name="testShutdown_WakesBlockedThread" classname="scheduling.TiredThreadTest" time="0.052"/>
  <testcase name="testTaskExecution_NotBusyAfterCompletion" classname="scheduling.TiredThreadTest" time="0.102"/>
  <testcase name="testTaskExecution_MultipleTasksExecutedSequentially" classname="scheduling.TiredThreadTest" time="0.112"/>
  <testcase name="testShutdown_WorkerExitsCleanly" classname="scheduling.TiredThreadTest" time="0.056"/>
  <testcase name="testTaskExecution_TimeUsedIncreasesAfterTask" classname="scheduling.TiredThreadTest" time="0.106"/>
  <testcase name="testConstructor_ThreadNameContainsFatigueFactor" classname="scheduling.TiredThreadTest" time="0.002"/>
  <testcase name="testNewTask_AfterShutdown_ThrowsException" classname="scheduling.TiredThreadTest" time="0.002"/>
  <testcase name="testCompareTo_EqualFatigueIsEqual" classname="scheduling.TiredThreadTest" time="0.001"/>
  <testcase name="testNewTask_NullTask_ThrowsException" classname="scheduling.TiredThreadTest" time="0.001"/>
  <testcase name="testConcurrency_NoOverlappingExecution" classname="scheduling.TiredThreadTest" time="0.182"/>
  <testcase name="testConstructor_InitialTimeIdleIsNonNegative" classname="scheduling.TiredThreadTest" time="0.002"/>
  <testcase name="testShutdown_StopsWorkerThread" classname="scheduling.TiredThreadTest" time="0.001"/>
  <testcase name="testConstructor_CreatesWorkerWithCorrectId" classname="scheduling.TiredThreadTest" time="0.001"/>
  <testcase name="testTimeTracking_TimeUsedIncreasesAfterTask" classname="scheduling.TiredThreadTest" time="0.106"/>
  <testcase name="testConcurrency_BusyFlagBehavesCorrectly" classname="scheduling.TiredThreadTest" time="0.088"/>
  <testcase name="testTaskExecution_IsBusyDuringExecution" classname="scheduling.TiredThreadTest" time="0.056"/>
  <testcase name="testShutdown_IsIdempotent" classname="scheduling.TiredThreadTest" time="0.0"/>
  <testcase name="testTimeTracking_FatigueCalculation" classname="scheduling.TiredThreadTest" time="0.105"/>
  <testcase name="testIdleTimeUpdatedAfterWaitingForTask" classname="scheduling.TiredThreadTest" time="0.11"/>
  <testcase name="testCompareTo_LowerFatigueIsLess" classname="scheduling.TiredThreadTest" time="0.106"/>
</testsuite>