<?xml version="1.0" encoding="UTF-8"?>
<testsuite xmlns:xsi="http://www.w3.org/2001/XMLSchema-instance" xsi:noNamespaceSchemaLocation="https://maven.apache.org/surefire/maven-surefire-plugin/xsd/surefire-test-report-3.0.xsd" version="3.0" name="memory.SharedVectorTest" time="0.022" tests="51" errors="0" skipped="0" failures="0">
  <properties>
[...]
</properties>
  <testcase name="testTranspose_ZeroVector" classname="memory.SharedVectorTest" time="0.0"/>
  <testcase name="getOrientation_returnsGivenOrientation" classname="memory.SharedVectorTest" time="0.0"/>
  <testcase name="testVecMatMul_ReducesVectorLength" classname="memory.SharedVectorTest" time="0.002"/>
  <testcase name="add_sameOrientation_modifiesLeftVectorWithElementWiseSum" classname="memory.SharedVectorTest" time="0.0"/>
  <testcase name="testDot_IncompatibleDimensions_ThrowsException" classname="memory.SharedVectorTest" time="0.001"/>
  <testcase name="testDot_SingleElement" classname="memory.SharedVectorTest" time="0.0"/>
  <testcase name="testTranspose_RowToColumn" classname="memory.SharedVectorTest" time="0.0"/>
  <testcase name="testVecMatMul_NullMatrix_ThrowsException" classname="memory.SharedVectorTest" time="0.0"/>
  <testcase name="testVecMatMul_ZeroVector" classname="memory.SharedVectorTest" time="0.0"/>
  <testcase name="testDot_MixedValues" classname="memory.SharedVectorTest" time="0.0"/>
  <testcase name="testNegate_DoubleMutation" classname="memory.SharedVectorTest" time="0.0"/>
  <testcase name="testDot_ValidComputation" classname="memory.SharedVectorTest" time="0.001"/>
  <testcase name="testVecMatMul_EmptyMatrix_ThrowsException" classname="memory.SharedVectorTest" time="0.001"/>
  <testcase name="testTranspose_NegativeValues" classname="memory.SharedVectorTest" time="0.001"/>
  <testcase name="testNegate_MixedValues" classname="memory.SharedVectorTest" time="0.0"/>
  <testcase name="testNegate_SingleElement" classname="memory.SharedVectorTest" time="0.0"/>
  <testcase name="testTranspose_ColumnToRow" classname="memory.SharedVectorTest" time="0.001"/>
  <testcase name="testNegate_ValidComputation" classname="memory.SharedVectorTest" time="0.0"/>
  <testcase name="testVecMatMul_IncompatibleDimensions_VectorTooShort_ThrowsException" classname="memory.SharedVectorTest" time="0.0"/>
  <testcase name="testNegate_PreservesLength" classname="memory.SharedVectorTest" time="0.0"/>
  <testcase name="invalidIndexAccess_throwsIndexOutOfBounds" classname="memory.SharedVectorTest" time="0.001"/>
  <testcase name="testVecMatMul_MatrixNotColumnMajor_ThrowsException" classname="memory.SharedVectorTest" time="0.0"/>
  <testcase name="testVecMatMul_NegativeValues" classname="memory.SharedVectorTest" time="0.0"/>
  <testcase name="getOrientation_isConsistentAcrossCalls" classname="memory.SharedVectorTest" time="0.0"/>
  <testcase name="testDot_DoesNotMutateInputs" classname="memory.SharedVectorTest" time="0.0"/>
  <testcase name="testTranspose_SingleElement" classname="memory.SharedVectorTest" time="0.0"/>
  <testcase name="addingRowToColumn_isNotAllowed_andThrows_withOrientationMessage" classname="memory.SharedVectorTest" time="0.0"/>
  <testcase name="add_differentOrientations_throwsIllegalArgumentException" classname="memory.SharedVectorTest" time="0.0"/>
  <testcase name="testVecMatMul_ChangesVectorLength" classname="memory.SharedVectorTest" time="0.001"/>
  <testcase name="testVecMatMul_PreservesOrientation" classname="memory.SharedVectorTest" time="0.0"/>
  <testcase name="testTranspose_DoubleMutation" classname="memory.SharedVectorTest" time="0.0"/>
  <testcase name="testVecMatMul_MixedValues" classname="memory.SharedVectorTest" time="0.0"/>
  <testcase name="testNegate_PreservesOrientation" classname="memory.SharedVectorTest" time="0.001"/>
  <testcase name="testVecMatMul_IncompatibleDimensions_VectorTooLong_ThrowsException" classname="memory.SharedVectorTest" time="0.0"/>
  <testcase name="initialization_createsRowVectorWithExpectedLengthAndValues" classname="memory.SharedVectorTest" time="0.0"/>
  <testcase name="add_null_throwsIllegalArgumentException" classname="memory.SharedVectorTest" time="0.001"/>
  <testcase name="testVecMatMul_SingleElement" classname="memory.SharedVectorTest" time="0.001"/>
  <testcase name="testDot_ZeroVectors" classname="memory.SharedVectorTest" time="0.0"/>
  <testcase name="testDot_OtherNotColumnMajor_ThrowsException" classname="memory.SharedVectorTest" time="0.0"/>
  <testcase name="testTranspose_PreservesLength" classname="memory.SharedVectorTest" time="0.0"/>
  <testcase name="testDot_NegativeValues" classname="memory.SharedVectorTest" time="0.0"/>
  <testcase name="initialization_createsColumnVectorcWithExpectedLengthAndValues" classname="memory.SharedVectorTest" time="0.0"/>
  <testcase name="testNegate_NegativeValues" classname="memory.SharedVectorTest" time="0.0"/>
  <testcase name="testTranspose_PreservesValues" classname="memory.SharedVectorTest" time="0.0"/>
  <testcase name="testVecMatMul_ValidComputation_2x2" classname="memory.SharedVectorTest" time="0.0"/>
  <testcase name="testVecMatMul_ValidComputation_3x2" classname="memory.SharedVectorTest" time="0.0"/>
  <testcase name="testDot_ThisNotRowMajor_ThrowsException" classname="memory.SharedVectorTest" time="0.0"/>
  <testcase name="testVecMatMul_VectorNotRowMajor_ThrowsException" classname="memory.SharedVectorTest" time="0.001"/>
  <testcase name="testNegate_ZeroVector" classname="memory.SharedVectorTest" time="0.0"/>
  <testcase name="emptyVector_hasLengthZero_andIndexAccessThrows" classname="memory.SharedVectorTest" time="0.0"/>
  <testcase name="testDot_NullVector_ThrowsException" classname="memory.SharedVectorTest" time="0.0"/>
</testsuite>